<?xml version="1.0" encoding="UTF-8"?>
<!-- Generated by org.testng.reporters.JUnitReportReporter -->
<testsuite skipped="0" hostname="wangjiongdadeMacBook-Pro.local" name="com.mybatis.MybatisBuildApplicationTests" tests="1" failures="0" timestamp="31 七月 2017 13:06:44 GMT" time="6.715" errors="0">
  <testcase name="contextLoads" time="6.715" classname="com.mybatis.MybatisBuildApplicationTests"/>
</testsuite> <!-- com.mybatis.MybatisBuildApplicationTests -->
